<?xml version="1.0" encoding="UTF-8"?>
<testsuite name="CurrencyTest" tests="2" skipped="0" failures="0" errors="0" timestamp="2022-07-22T10:20:07" hostname="WIN-R7SF2OLK14G" time="0.01">
  <properties/>
  <testcase name="getCurrencyRubles()" classname="CurrencyTest" time="0.009"/>
  <testcase name="getCurrencyDollars()" classname="CurrencyTest" time="0.0"/>
  <system-out><![CDATA[]]></system-out>
  <system-err><![CDATA[]]></system-err>
</testsuite>
